app/build/intermediates/manifest_merge_blame_file/debug/manifest-merger-blame-debug-report.txt
1<?xml version="1.0" encoding="utf-8"?>
2<manifest xmlns:android="http://schemas.android.com/apk/res/android"
3    package="mx.com.disoftware"
4    android:versionCode="1"
5    android:versionName="1.0" >
6
7    <uses-sdk
8        android:minSdkVersion="21"
8-->src\main\AndroidManifest.xml
9        android:targetSdkVersion="30" />
9-->src\main\AndroidManifest.xml
10
11    <!-- Permission will be merged into the manifest of the hosting app. -->
12    <!-- Is required to launch foreground extraction service for targetSdkVersion 28+. -->
13    <uses-permission android:name="android.permission.FOREGROUND_SERVICE" />
13-->[com.google.android.play:core:1.7.2] AndroidManifest.xml:8:3-74
13-->[com.google.android.play:core:1.7.2] AndroidManifest.xml:8:20-72
14
15    <application
15-->src\main\AndroidManifest.xml:5:5-19:19
16        android:allowBackup="true"
16-->src\main\AndroidManifest.xml:6:9-35
17        android:appComponentFactory="androidx.core.app.CoreComponentFactory"
17-->[androidx.core:core:1.5.0-alpha01] AndroidManifest.xml:24:18-86
18        android:debuggable="true"
19        android:icon="@mipmap/ic_launcher"
19-->src\main\AndroidManifest.xml:7:9-43
20        android:label="@string/app_name"
20-->src\main\AndroidManifest.xml:8:9-41
21        android:roundIcon="@mipmap/ic_launcher_round"
21-->src\main\AndroidManifest.xml:9:9-54
22        android:supportsRtl="true"
22-->src\main\AndroidManifest.xml:10:9-35
23        android:testOnly="true"
24        android:theme="@style/Theme.Activities" >
24-->src\main\AndroidManifest.xml:11:9-48
25        <activity android:name="mx.com.disoftware.MainActivity" >
25-->src\main\AndroidManifest.xml:12:9-18:20
25-->src\main\AndroidManifest.xml:12:19-47
26            <intent-filter>
26-->src\main\AndroidManifest.xml:13:13-17:29
27                <action android:name="android.intent.action.MAIN" />
27-->src\main\AndroidManifest.xml:14:17-69
27-->src\main\AndroidManifest.xml:14:25-66
28
29                <category android:name="android.intent.category.LAUNCHER" />
29-->src\main\AndroidManifest.xml:16:17-77
29-->src\main\AndroidManifest.xml:16:27-74
30            </intent-filter>
31        </activity>
32        <!-- The activities will be merged into the manifest of the hosting app. -->
33        <activity
33-->[com.google.android.play:core:1.7.2] AndroidManifest.xml:12:5-271
34            android:name="com.google.android.play.core.missingsplits.PlayCoreMissingSplitsActivity"
34-->[com.google.android.play:core:1.7.2] AndroidManifest.xml:12:15-102
35            android:enabled="false"
35-->[com.google.android.play:core:1.7.2] AndroidManifest.xml:12:103-126
36            android:exported="false"
36-->[com.google.android.play:core:1.7.2] AndroidManifest.xml:12:127-151
37            android:launchMode="singleInstance"
37-->[com.google.android.play:core:1.7.2] AndroidManifest.xml:12:204-239
38            android:process=":playcore_missing_splits_activity"
38-->[com.google.android.play:core:1.7.2] AndroidManifest.xml:12:152-203
39            android:stateNotNeeded="true" />
39-->[com.google.android.play:core:1.7.2] AndroidManifest.xml:12:240-269
40        <activity
40-->[com.google.android.play:core:1.7.2] AndroidManifest.xml:13:5-226
41            android:name="com.google.android.play.core.common.PlayCoreDialogWrapperActivity"
41-->[com.google.android.play:core:1.7.2] AndroidManifest.xml:13:15-95
42            android:enabled="false"
42-->[com.google.android.play:core:1.7.2] AndroidManifest.xml:13:96-119
43            android:exported="false"
43-->[com.google.android.play:core:1.7.2] AndroidManifest.xml:13:120-144
44            android:stateNotNeeded="true"
44-->[com.google.android.play:core:1.7.2] AndroidManifest.xml:13:145-174
45            android:theme="@style/Theme.PlayCore.Transparent" /> <!-- The service will be merged into the manifest of the hosting app. -->
45-->[com.google.android.play:core:1.7.2] AndroidManifest.xml:13:175-224
46        <service
46-->[com.google.android.play:core:1.7.2] AndroidManifest.xml:16:5-145
47            android:name="com.google.android.play.core.assetpacks.AssetPackExtractionService"
47-->[com.google.android.play:core:1.7.2] AndroidManifest.xml:16:14-95
48            android:enabled="false"
48-->[com.google.android.play:core:1.7.2] AndroidManifest.xml:16:96-119
49            android:exported="true" />
49-->[com.google.android.play:core:1.7.2] AndroidManifest.xml:16:120-143
50    </application>
51
52</manifest>